app/build/intermediates/manifest_merge_blame_file/debug/manifest-merger-blame-debug-report.txt
1<?xml version="1.0" encoding="utf-8"?>
2<manifest xmlns:android="http://schemas.android.com/apk/res/android"
3    package="com.example.vktokenchecker"
4    android:versionCode="1"
5    android:versionName="1.0" >
6
7    <uses-sdk
8        android:minSdkVersion="24"
9        android:targetSdkVersion="34" />
10
11    <uses-permission android:name="android.permission.INTERNET" />
11-->src\main\AndroidManifest.xml:5:5-67
11-->src\main\AndroidManifest.xml:5:22-64
12    <uses-permission android:name="android.permission.ACCESS_NETWORK_STATE" />
12-->src\main\AndroidManifest.xml:6:5-79
12-->src\main\AndroidManifest.xml:6:22-76
13
14    <permission
14-->[androidx.core:core:1.12.0] AndroidManifest.xml:22:5-24:47
15        android:name="com.example.vktokenchecker.DYNAMIC_RECEIVER_NOT_EXPORTED_PERMISSION"
15-->[androidx.core:core:1.12.0] AndroidManifest.xml:23:9-81
16        android:protectionLevel="signature" />
16-->[androidx.core:core:1.12.0] AndroidManifest.xml:24:9-44
17
18    <uses-permission android:name="com.example.vktokenchecker.DYNAMIC_RECEIVER_NOT_EXPORTED_PERMISSION" />
18-->[androidx.core:core:1.12.0] AndroidManifest.xml:26:5-97
18-->[androidx.core:core:1.12.0] AndroidManifest.xml:26:22-94
19
20    <application
20-->src\main\AndroidManifest.xml:8:5-38:19
21        android:allowBackup="true"
21-->src\main\AndroidManifest.xml:9:9-35
22        android:appComponentFactory="androidx.core.app.CoreComponentFactory"
22-->[androidx.core:core:1.12.0] AndroidManifest.xml:28:18-86
23        android:dataExtractionRules="@xml/data_extraction_rules"
23-->src\main\AndroidManifest.xml:10:9-65
24        android:debuggable="true"
25        android:extractNativeLibs="false"
26        android:fullBackupContent="@xml/backup_rules"
26-->src\main\AndroidManifest.xml:11:9-54
27        android:icon="@mipmap/ic_launcher"
27-->src\main\AndroidManifest.xml:12:9-43
28        android:label="@string/app_name"
28-->src\main\AndroidManifest.xml:13:9-41
29        android:roundIcon="@mipmap/ic_launcher_round"
29-->src\main\AndroidManifest.xml:14:9-54
30        android:supportsRtl="true"
30-->src\main\AndroidManifest.xml:15:9-35
31        android:theme="@style/Theme.VKTokenChecker"
31-->src\main\AndroidManifest.xml:16:9-52
32        android:usesCleartextTraffic="true" >
32-->src\main\AndroidManifest.xml:17:9-44
33        <activity
33-->src\main\AndroidManifest.xml:19:9-28:20
34            android:name="com.example.vktokenchecker.MainActivity"
34-->src\main\AndroidManifest.xml:20:13-41
35            android:exported="true"
35-->src\main\AndroidManifest.xml:21:13-36
36            android:label="@string/app_name"
36-->src\main\AndroidManifest.xml:22:13-45
37            android:theme="@style/Theme.VKTokenChecker" >
37-->src\main\AndroidManifest.xml:23:13-56
38            <intent-filter>
38-->src\main\AndroidManifest.xml:24:13-27:29
39                <action android:name="android.intent.action.MAIN" />
39-->src\main\AndroidManifest.xml:25:17-69
39-->src\main\AndroidManifest.xml:25:25-66
40
41                <category android:name="android.intent.category.LAUNCHER" />
41-->src\main\AndroidManifest.xml:26:17-77
41-->src\main\AndroidManifest.xml:26:27-74
42            </intent-filter>
43        </activity>
44
45        <provider
46            android:name="androidx.core.content.FileProvider"
46-->src\main\AndroidManifest.xml:30:13-62
47            android:authorities="com.example.vktokenchecker.fileprovider"
47-->src\main\AndroidManifest.xml:31:13-64
48            android:exported="false"
48-->src\main\AndroidManifest.xml:32:13-37
49            android:grantUriPermissions="true" >
49-->src\main\AndroidManifest.xml:33:13-47
50            <meta-data
50-->src\main\AndroidManifest.xml:34:13-36:54
51                android:name="android.support.FILE_PROVIDER_PATHS"
51-->src\main\AndroidManifest.xml:35:17-67
52                android:resource="@xml/file_paths" />
52-->src\main\AndroidManifest.xml:36:17-51
53        </provider>
54
55        <uses-library
55-->[androidx.window:window:1.0.0] AndroidManifest.xml:25:9-27:40
56            android:name="androidx.window.extensions"
56-->[androidx.window:window:1.0.0] AndroidManifest.xml:26:13-54
57            android:required="false" />
57-->[androidx.window:window:1.0.0] AndroidManifest.xml:27:13-37
58        <uses-library
58-->[androidx.window:window:1.0.0] AndroidManifest.xml:28:9-30:40
59            android:name="androidx.window.sidecar"
59-->[androidx.window:window:1.0.0] AndroidManifest.xml:29:13-51
60            android:required="false" />
60-->[androidx.window:window:1.0.0] AndroidManifest.xml:30:13-37
61
62        <activity
62-->[androidx.compose.ui:ui-test-manifest:1.5.4] AndroidManifest.xml:23:9-25:39
63            android:name="androidx.activity.ComponentActivity"
63-->[androidx.compose.ui:ui-test-manifest:1.5.4] AndroidManifest.xml:24:13-63
64            android:exported="true" />
64-->[androidx.compose.ui:ui-test-manifest:1.5.4] AndroidManifest.xml:25:13-36
65        <activity
65-->[androidx.compose.ui:ui-tooling-android:1.5.4] AndroidManifest.xml:23:9-25:39
66            android:name="androidx.compose.ui.tooling.PreviewActivity"
66-->[androidx.compose.ui:ui-tooling-android:1.5.4] AndroidManifest.xml:24:13-71
67            android:exported="true" />
67-->[androidx.compose.ui:ui-tooling-android:1.5.4] AndroidManifest.xml:25:13-36
68
69        <provider
69-->[androidx.emoji2:emoji2:1.4.0] AndroidManifest.xml:24:9-32:20
70            android:name="androidx.startup.InitializationProvider"
70-->[androidx.emoji2:emoji2:1.4.0] AndroidManifest.xml:25:13-67
71            android:authorities="com.example.vktokenchecker.androidx-startup"
71-->[androidx.emoji2:emoji2:1.4.0] AndroidManifest.xml:26:13-68
72            android:exported="false" >
72-->[androidx.emoji2:emoji2:1.4.0] AndroidManifest.xml:27:13-37
73            <meta-data
73-->[androidx.emoji2:emoji2:1.4.0] AndroidManifest.xml:29:13-31:52
74                android:name="androidx.emoji2.text.EmojiCompatInitializer"
74-->[androidx.emoji2:emoji2:1.4.0] AndroidManifest.xml:30:17-75
75                android:value="androidx.startup" />
75-->[androidx.emoji2:emoji2:1.4.0] AndroidManifest.xml:31:17-49
76            <meta-data
76-->[androidx.lifecycle:lifecycle-process:2.6.2] AndroidManifest.xml:29:13-31:52
77                android:name="androidx.lifecycle.ProcessLifecycleInitializer"
77-->[androidx.lifecycle:lifecycle-process:2.6.2] AndroidManifest.xml:30:17-78
78                android:value="androidx.startup" />
78-->[androidx.lifecycle:lifecycle-process:2.6.2] AndroidManifest.xml:31:17-49
79            <meta-data
79-->[androidx.profileinstaller:profileinstaller:1.3.0] AndroidManifest.xml:29:13-31:52
80                android:name="androidx.profileinstaller.ProfileInstallerInitializer"
80-->[androidx.profileinstaller:profileinstaller:1.3.0] AndroidManifest.xml:30:17-85
81                android:value="androidx.startup" />
81-->[androidx.profileinstaller:profileinstaller:1.3.0] AndroidManifest.xml:31:17-49
82        </provider>
83
84        <receiver
84-->[androidx.profileinstaller:profileinstaller:1.3.0] AndroidManifest.xml:34:9-52:20
85            android:name="androidx.profileinstaller.ProfileInstallReceiver"
85-->[androidx.profileinstaller:profileinstaller:1.3.0] AndroidManifest.xml:35:13-76
86            android:directBootAware="false"
86-->[androidx.profileinstaller:profileinstaller:1.3.0] AndroidManifest.xml:36:13-44
87            android:enabled="true"
87-->[androidx.profileinstaller:profileinstaller:1.3.0] AndroidManifest.xml:37:13-35
88            android:exported="true"
88-->[androidx.profileinstaller:profileinstaller:1.3.0] AndroidManifest.xml:38:13-36
89            android:permission="android.permission.DUMP" >
89-->[androidx.profileinstaller:profileinstaller:1.3.0] AndroidManifest.xml:39:13-57
90            <intent-filter>
90-->[androidx.profileinstaller:profileinstaller:1.3.0] AndroidManifest.xml:40:13-42:29
91                <action android:name="androidx.profileinstaller.action.INSTALL_PROFILE" />
91-->[androidx.profileinstaller:profileinstaller:1.3.0] AndroidManifest.xml:41:17-91
91-->[androidx.profileinstaller:profileinstaller:1.3.0] AndroidManifest.xml:41:25-88
92            </intent-filter>
93            <intent-filter>
93-->[androidx.profileinstaller:profileinstaller:1.3.0] AndroidManifest.xml:43:13-45:29
94                <action android:name="androidx.profileinstaller.action.SKIP_FILE" />
94-->[androidx.profileinstaller:profileinstaller:1.3.0] AndroidManifest.xml:44:17-85
94-->[androidx.profileinstaller:profileinstaller:1.3.0] AndroidManifest.xml:44:25-82
95            </intent-filter>
96            <intent-filter>
96-->[androidx.profileinstaller:profileinstaller:1.3.0] AndroidManifest.xml:46:13-48:29
97                <action android:name="androidx.profileinstaller.action.SAVE_PROFILE" />
97-->[androidx.profileinstaller:profileinstaller:1.3.0] AndroidManifest.xml:47:17-88
97-->[androidx.profileinstaller:profileinstaller:1.3.0] AndroidManifest.xml:47:25-85
98            </intent-filter>
99            <intent-filter>
99-->[androidx.profileinstaller:profileinstaller:1.3.0] AndroidManifest.xml:49:13-51:29
100                <action android:name="androidx.profileinstaller.action.BENCHMARK_OPERATION" />
100-->[androidx.profileinstaller:profileinstaller:1.3.0] AndroidManifest.xml:50:17-95
100-->[androidx.profileinstaller:profileinstaller:1.3.0] AndroidManifest.xml:50:25-92
101            </intent-filter>
102        </receiver>
103    </application>
104
105</manifest>